mode: set
github.com/david-saint/cmm/pkg/ui/model.go:44.80,57.2 4 1
github.com/david-saint/cmm/pkg/ui/model.go:59.31,61.2 1 0
github.com/david-saint/cmm/pkg/ui/model.go:67.34,70.28 2 0
github.com/david-saint/cmm/pkg/ui/model.go:70.28,72.3 1 0
github.com/david-saint/cmm/pkg/ui/model.go:74.2,75.16 2 0
github.com/david-saint/cmm/pkg/ui/model.go:75.16,77.3 1 0
github.com/david-saint/cmm/pkg/ui/model.go:78.2,78.25 1 0
github.com/david-saint/cmm/pkg/ui/model.go:81.37,84.16 3 0
github.com/david-saint/cmm/pkg/ui/model.go:84.16,86.3 1 0
github.com/david-saint/cmm/pkg/ui/model.go:87.2,87.26 1 0
github.com/david-saint/cmm/pkg/ui/model.go:90.57,92.27 2 1
github.com/david-saint/cmm/pkg/ui/model.go:93.18,94.23 1 1
github.com/david-saint/cmm/pkg/ui/model.go:95.22,96.22 1 0
github.com/david-saint/cmm/pkg/ui/model.go:98.14,99.59 1 1
github.com/david-saint/cmm/pkg/ui/model.go:99.59,102.5 2 1
github.com/david-saint/cmm/pkg/ui/model.go:103.4,103.34 1 1
github.com/david-saint/cmm/pkg/ui/model.go:103.34,106.5 2 1
github.com/david-saint/cmm/pkg/ui/model.go:108.18,109.49 1 1
github.com/david-saint/cmm/pkg/ui/model.go:109.49,111.5 1 1
github.com/david-saint/cmm/pkg/ui/model.go:113.20,114.64 1 1
github.com/david-saint/cmm/pkg/ui/model.go:114.64,116.5 1 1
github.com/david-saint/cmm/pkg/ui/model.go:118.16,119.56 1 0
github.com/david-saint/cmm/pkg/ui/model.go:119.56,122.5 2 0
github.com/david-saint/cmm/pkg/ui/model.go:123.4,123.31 1 0
github.com/david-saint/cmm/pkg/ui/model.go:123.31,124.24 1 0
github.com/david-saint/cmm/pkg/ui/model.go:124.24,126.6 1 0
github.com/david-saint/cmm/pkg/ui/model.go:127.5,128.18 2 0
github.com/david-saint/cmm/pkg/ui/model.go:130.4,130.34 1 0
github.com/david-saint/cmm/pkg/ui/model.go:130.34,133.5 2 0
github.com/david-saint/cmm/pkg/ui/model.go:134.4,134.48 1 0
github.com/david-saint/cmm/pkg/ui/model.go:134.48,136.5 1 0
github.com/david-saint/cmm/pkg/ui/model.go:138.17,139.34 1 0
github.com/david-saint/cmm/pkg/ui/model.go:139.34,142.5 2 0
github.com/david-saint/cmm/pkg/ui/model.go:144.17,145.34 1 0
github.com/david-saint/cmm/pkg/ui/model.go:145.34,148.5 2 0
github.com/david-saint/cmm/pkg/ui/model.go:150.12,151.33 1 1
github.com/david-saint/cmm/pkg/ui/model.go:151.33,153.11 2 1
github.com/david-saint/cmm/pkg/ui/model.go:153.11,155.6 1 1
github.com/david-saint/cmm/pkg/ui/model.go:155.11,157.6 1 1
github.com/david-saint/cmm/pkg/ui/model.go:161.15,164.16 3 0
github.com/david-saint/cmm/pkg/ui/model.go:166.18,169.16 3 0
github.com/david-saint/cmm/pkg/ui/model.go:171.14,173.16 2 0
github.com/david-saint/cmm/pkg/ui/model.go:175.23,177.16 2 0
github.com/david-saint/cmm/pkg/ui/model.go:180.2,180.15 1 1
github.com/david-saint/cmm/pkg/ui/model.go:183.30,188.23 4 0
github.com/david-saint/cmm/pkg/ui/model.go:188.23,191.3 2 0
github.com/david-saint/cmm/pkg/ui/model.go:192.2,192.21 1 0
github.com/david-saint/cmm/pkg/ui/model.go:192.21,194.3 1 0
github.com/david-saint/cmm/pkg/ui/model.go:195.2,197.18 2 0
github.com/david-saint/cmm/pkg/ui/model.go:197.18,200.29 3 0
github.com/david-saint/cmm/pkg/ui/model.go:200.29,203.4 2 0
github.com/david-saint/cmm/pkg/ui/model.go:205.3,215.20 6 0
github.com/david-saint/cmm/pkg/ui/model.go:218.2,218.17 1 0
github.com/david-saint/cmm/pkg/ui/model.go:219.22,223.36 3 0
github.com/david-saint/cmm/pkg/ui/model.go:223.36,225.21 2 0
github.com/david-saint/cmm/pkg/ui/model.go:225.21,227.5 1 0
github.com/david-saint/cmm/pkg/ui/model.go:229.4,230.34 2 0
github.com/david-saint/cmm/pkg/ui/model.go:230.34,232.5 1 0
github.com/david-saint/cmm/pkg/ui/model.go:234.4,235.36 2 0
github.com/david-saint/cmm/pkg/ui/model.go:235.36,237.5 1 0
github.com/david-saint/cmm/pkg/ui/model.go:239.4,239.67 1 0
github.com/david-saint/cmm/pkg/ui/model.go:242.3,242.99 1 0
github.com/david-saint/cmm/pkg/ui/model.go:244.21,247.100 3 0
github.com/david-saint/cmm/pkg/ui/model.go:249.20,254.33 4 0
github.com/david-saint/cmm/pkg/ui/model.go:254.33,256.35 2 0
github.com/david-saint/cmm/pkg/ui/model.go:256.35,258.5 1 0
github.com/david-saint/cmm/pkg/ui/model.go:259.4,260.119 2 0
github.com/david-saint/cmm/pkg/ui/model.go:263.3,266.22 3 0
github.com/david-saint/cmm/pkg/ui/model.go:266.22,268.4 1 0
github.com/david-saint/cmm/pkg/ui/model.go:268.9,270.4 1 0
github.com/david-saint/cmm/pkg/ui/model.go:272.23,274.29 2 0
github.com/david-saint/cmm/pkg/ui/model.go:274.29,275.42 1 0
github.com/david-saint/cmm/pkg/ui/model.go:275.42,277.10 2 0
github.com/david-saint/cmm/pkg/ui/model.go:281.3,281.15 1 0
github.com/david-saint/cmm/pkg/ui/model.go:281.15,291.4 4 0
github.com/david-saint/cmm/pkg/ui/model.go:291.9,294.4 2 0
github.com/david-saint/cmm/pkg/ui/model.go:296.3,299.73 4 0
github.com/david-saint/cmm/pkg/ui/model.go:301.22,304.92 3 0
github.com/david-saint/cmm/pkg/ui/model.go:306.21,310.33 3 0
github.com/david-saint/cmm/pkg/ui/model.go:310.33,312.35 2 0
github.com/david-saint/cmm/pkg/ui/model.go:312.35,314.5 1 0
github.com/david-saint/cmm/pkg/ui/model.go:315.4,315.96 1 0
github.com/david-saint/cmm/pkg/ui/model.go:318.3,320.55 3 0
github.com/david-saint/cmm/pkg/ui/model.go:323.2,323.19 1 0
github.com/david-saint/cmm/pkg/ui/model.go:326.33,328.14 2 0
github.com/david-saint/cmm/pkg/ui/model.go:328.14,330.3 1 0
github.com/david-saint/cmm/pkg/ui/model.go:331.2,332.42 2 0
github.com/david-saint/cmm/pkg/ui/model.go:332.42,335.3 2 0
github.com/david-saint/cmm/pkg/ui/model.go:336.2,336.72 1 0
