mode: set
github.com/david-saint/cmm/pkg/modules/caches.go:14.53,15.20 1 0
github.com/david-saint/cmm/pkg/modules/caches.go:15.20,18.3 2 0
github.com/david-saint/cmm/pkg/modules/caches.go:19.2,21.3 1 0
github.com/david-saint/cmm/pkg/modules/caches.go:24.38,26.2 1 0
github.com/david-saint/cmm/pkg/modules/caches.go:28.45,30.2 1 0
github.com/david-saint/cmm/pkg/modules/caches.go:32.42,34.2 1 0
github.com/david-saint/cmm/pkg/modules/caches.go:36.55,38.16 2 1
github.com/david-saint/cmm/pkg/modules/caches.go:38.16,39.25 1 0
github.com/david-saint/cmm/pkg/modules/caches.go:39.25,41.4 1 0
github.com/david-saint/cmm/pkg/modules/caches.go:42.3,42.18 1 0
github.com/david-saint/cmm/pkg/modules/caches.go:45.2,46.32 2 1
github.com/david-saint/cmm/pkg/modules/caches.go:46.32,52.20 4 1
github.com/david-saint/cmm/pkg/modules/caches.go:52.20,54.4 1 1
github.com/david-saint/cmm/pkg/modules/caches.go:56.3,60.5 1 1
github.com/david-saint/cmm/pkg/modules/caches.go:63.2,63.19 1 1
github.com/david-saint/cmm/pkg/modules/caches.go:66.57,68.76 2 1
github.com/david-saint/cmm/pkg/modules/caches.go:68.76,69.17 1 1
github.com/david-saint/cmm/pkg/modules/caches.go:69.17,71.4 1 0
github.com/david-saint/cmm/pkg/modules/caches.go:72.3,72.20 1 1
github.com/david-saint/cmm/pkg/modules/caches.go:72.20,74.4 1 1
github.com/david-saint/cmm/pkg/modules/caches.go:75.3,75.13 1 1
github.com/david-saint/cmm/pkg/modules/caches.go:77.2,77.13 1 1
github.com/david-saint/cmm/pkg/modules/caches.go:80.68,82.29 2 0
github.com/david-saint/cmm/pkg/modules/caches.go:82.29,84.17 2 0
github.com/david-saint/cmm/pkg/modules/caches.go:84.17,86.4 1 0
github.com/david-saint/cmm/pkg/modules/caches.go:87.3,87.26 1 0
github.com/david-saint/cmm/pkg/modules/caches.go:89.2,89.24 1 0
github.com/david-saint/cmm/pkg/modules/homebrew.go:13.42,15.16 2 1
github.com/david-saint/cmm/pkg/modules/homebrew.go:15.16,17.3 1 0
github.com/david-saint/cmm/pkg/modules/homebrew.go:18.2,20.3 1 1
github.com/david-saint/cmm/pkg/modules/homebrew.go:23.40,25.2 1 1
github.com/david-saint/cmm/pkg/modules/homebrew.go:27.47,29.2 1 1
github.com/david-saint/cmm/pkg/modules/homebrew.go:31.44,33.2 1 1
github.com/david-saint/cmm/pkg/modules/homebrew.go:35.57,45.2 1 1
github.com/david-saint/cmm/pkg/modules/homebrew.go:47.70,51.16 3 0
github.com/david-saint/cmm/pkg/modules/homebrew.go:51.16,53.3 1 0
github.com/david-saint/cmm/pkg/modules/homebrew.go:57.2,57.15 1 0
github.com/david-saint/cmm/pkg/modules/logs.go:14.34,22.2 2 1
github.com/david-saint/cmm/pkg/modules/logs.go:24.36,26.2 1 1
github.com/david-saint/cmm/pkg/modules/logs.go:28.43,30.2 1 1
github.com/david-saint/cmm/pkg/modules/logs.go:32.40,34.2 1 1
github.com/david-saint/cmm/pkg/modules/logs.go:36.53,39.35 2 1
github.com/david-saint/cmm/pkg/modules/logs.go:39.35,41.17 2 1
github.com/david-saint/cmm/pkg/modules/logs.go:41.17,42.26 1 0
github.com/david-saint/cmm/pkg/modules/logs.go:42.26,43.13 1 0
github.com/david-saint/cmm/pkg/modules/logs.go:45.4,45.19 1 0
github.com/david-saint/cmm/pkg/modules/logs.go:48.3,48.33 1 1
github.com/david-saint/cmm/pkg/modules/logs.go:48.33,53.21 4 1
github.com/david-saint/cmm/pkg/modules/logs.go:53.21,55.5 1 0
github.com/david-saint/cmm/pkg/modules/logs.go:57.4,61.6 1 1
github.com/david-saint/cmm/pkg/modules/logs.go:65.2,65.19 1 1
github.com/david-saint/cmm/pkg/modules/logs.go:68.55,70.76 2 1
github.com/david-saint/cmm/pkg/modules/logs.go:70.76,71.17 1 1
github.com/david-saint/cmm/pkg/modules/logs.go:71.17,73.4 1 0
github.com/david-saint/cmm/pkg/modules/logs.go:74.3,74.20 1 1
github.com/david-saint/cmm/pkg/modules/logs.go:74.20,76.4 1 1
github.com/david-saint/cmm/pkg/modules/logs.go:77.3,77.13 1 1
github.com/david-saint/cmm/pkg/modules/logs.go:79.2,79.13 1 1
github.com/david-saint/cmm/pkg/modules/logs.go:82.66,84.29 2 1
github.com/david-saint/cmm/pkg/modules/logs.go:84.29,86.17 2 1
github.com/david-saint/cmm/pkg/modules/logs.go:86.17,88.4 1 0
github.com/david-saint/cmm/pkg/modules/logs.go:89.3,89.26 1 1
github.com/david-saint/cmm/pkg/modules/logs.go:91.2,91.24 1 1
github.com/david-saint/cmm/pkg/modules/timemachine.go:16.70,19.2 2 0
github.com/david-saint/cmm/pkg/modules/timemachine.go:25.48,29.2 1 0
github.com/david-saint/cmm/pkg/modules/timemachine.go:31.43,33.2 1 0
github.com/david-saint/cmm/pkg/modules/timemachine.go:35.50,37.2 1 0
github.com/david-saint/cmm/pkg/modules/timemachine.go:39.47,41.2 1 0
github.com/david-saint/cmm/pkg/modules/timemachine.go:43.60,46.16 2 1
github.com/david-saint/cmm/pkg/modules/timemachine.go:46.16,48.3 1 0
github.com/david-saint/cmm/pkg/modules/timemachine.go:50.2,52.29 3 1
github.com/david-saint/cmm/pkg/modules/timemachine.go:52.29,53.17 1 1
github.com/david-saint/cmm/pkg/modules/timemachine.go:53.17,54.12 1 0
github.com/david-saint/cmm/pkg/modules/timemachine.go:59.3,60.22 2 1
github.com/david-saint/cmm/pkg/modules/timemachine.go:60.22,61.12 1 0
github.com/david-saint/cmm/pkg/modules/timemachine.go:63.3,64.64 2 1
github.com/david-saint/cmm/pkg/modules/timemachine.go:64.64,65.12 1 0
github.com/david-saint/cmm/pkg/modules/timemachine.go:68.3,72.5 1 1
github.com/david-saint/cmm/pkg/modules/timemachine.go:75.2,75.19 1 1
github.com/david-saint/cmm/pkg/modules/timemachine.go:78.73,80.29 2 1
github.com/david-saint/cmm/pkg/modules/timemachine.go:80.29,85.21 2 1
github.com/david-saint/cmm/pkg/modules/timemachine.go:85.21,86.12 1 0
github.com/david-saint/cmm/pkg/modules/timemachine.go:88.3,91.17 3 1
github.com/david-saint/cmm/pkg/modules/timemachine.go:91.17,93.4 1 0
github.com/david-saint/cmm/pkg/modules/timemachine.go:94.3,94.26 1 1
github.com/david-saint/cmm/pkg/modules/timemachine.go:96.2,96.24 1 1
github.com/david-saint/cmm/pkg/modules/xcode.go:14.51,15.20 1 0
github.com/david-saint/cmm/pkg/modules/xcode.go:15.20,18.3 2 0
github.com/david-saint/cmm/pkg/modules/xcode.go:19.2,21.3 1 0
github.com/david-saint/cmm/pkg/modules/xcode.go:24.37,26.2 1 0
github.com/david-saint/cmm/pkg/modules/xcode.go:28.44,30.2 1 0
github.com/david-saint/cmm/pkg/modules/xcode.go:32.41,34.2 1 0
github.com/david-saint/cmm/pkg/modules/xcode.go:36.54,38.16 2 1
github.com/david-saint/cmm/pkg/modules/xcode.go:38.16,39.25 1 0
github.com/david-saint/cmm/pkg/modules/xcode.go:39.25,41.4 1 0
github.com/david-saint/cmm/pkg/modules/xcode.go:42.3,42.18 1 0
github.com/david-saint/cmm/pkg/modules/xcode.go:45.2,46.32 2 1
github.com/david-saint/cmm/pkg/modules/xcode.go:46.32,49.17 3 1
github.com/david-saint/cmm/pkg/modules/xcode.go:49.17,50.12 1 0
github.com/david-saint/cmm/pkg/modules/xcode.go:53.3,56.20 3 1
github.com/david-saint/cmm/pkg/modules/xcode.go:56.20,58.4 1 1
github.com/david-saint/cmm/pkg/modules/xcode.go:60.3,65.11 2 1
github.com/david-saint/cmm/pkg/modules/xcode.go:68.2,68.19 1 1
github.com/david-saint/cmm/pkg/modules/xcode.go:71.56,73.76 2 1
github.com/david-saint/cmm/pkg/modules/xcode.go:73.76,74.17 1 1
github.com/david-saint/cmm/pkg/modules/xcode.go:74.17,76.4 1 0
github.com/david-saint/cmm/pkg/modules/xcode.go:77.3,77.20 1 1
github.com/david-saint/cmm/pkg/modules/xcode.go:77.20,79.4 1 1
github.com/david-saint/cmm/pkg/modules/xcode.go:80.3,80.13 1 1
github.com/david-saint/cmm/pkg/modules/xcode.go:82.2,82.13 1 1
github.com/david-saint/cmm/pkg/modules/xcode.go:85.67,87.29 2 0
github.com/david-saint/cmm/pkg/modules/xcode.go:87.29,89.17 2 0
github.com/david-saint/cmm/pkg/modules/xcode.go:89.17,91.4 1 0
github.com/david-saint/cmm/pkg/modules/xcode.go:92.3,92.26 1 0
github.com/david-saint/cmm/pkg/modules/xcode.go:94.2,94.24 1 0
